<?xml version="1.0" encoding="UTF-8"?>
<!-- Generated by org.testng.reporters.JUnitReportReporter -->
<testsuite hostname="Sachins-Air.blr-office.geekyants.com" name="sample.Jenkins" tests="1" failures="0" timestamp="20 Aug 2018 11:21:37 GMT" time="3.784" errors="0">
  <testcase name="launchBrowser" time="3.784" classname="sample.Jenkins"/>
</testsuite>
