<?xml version="1.0" encoding="UTF-8"?>
<!-- Generated by org.testng.reporters.JUnitReportReporter -->
<testsuite skipped="0" hostname="Sachins-Air.blr-office.geekyants.com" name="Jenkins" tests="1" failures="0" timestamp="20 Aug 2018 11:08:56 GMT" time="4.405" errors="0">
  <testcase name="launchBrowser" time="4.405" classname="Jenkins"/>
</testsuite> <!-- Jenkins -->
